<?xml version="1.0" encoding="UTF-8"?>
<!-- Generated by org.testng.reporters.JUnitXMLReporter -->
<testsuite ignored="0" hostname="DESKTOP-17IPFF2" failures="0" tests="10" name="Default test" time="37.702" errors="0" timestamp="18 Jul 2020 03:00:42 GMT">
  <testcase classname="org.ecommerce.com.driverClass" name="verifyWebTitle" time="0.098"/>
  <testcase classname="org.ecommerce.com.driverClass" name="login" time="9.821"/>
  <testcase classname="org.ecommerce.com.driverClass" name="clickOnFlightsLink" time="2.254"/>
  <testcase classname="org.ecommerce.com.driverClass" name="oneWayTrip" time="5.51"/>
  <testcase classname="org.ecommerce.com.driverClass" name="oneWayTrip" time="3.198"/>
  <testcase classname="org.ecommerce.com.driverClass" name="oneWayTrip" time="4.678"/>
  <testcase classname="org.ecommerce.com.driverClass" name="oneWayTrip" time="2.934"/>
  <testcase classname="org.ecommerce.com.driverClass" name="oneWayTrip" time="3.299"/>
  <testcase classname="org.ecommerce.com.driverClass" name="oneWayTrip" time="2.914"/>
  <testcase classname="org.ecommerce.com.driverClass" name="oneWayTrip" time="2.895"/>
</testsuite> <!-- Default test -->
