<?xml version="1.0" encoding="UTF-8"?>
<!-- Generated by org.testng.reporters.JUnitXMLReporter -->
<testsuite ignored="0" hostname="DESKTOP-17IPFF2" failures="0" tests="10" name="Test" time="11.353" errors="0" timestamp="18 Jul 2020 00:25:00 GMT">
  <testcase classname="org.ecommerce.com.driverClass" name="verifyWebTitle" time="0.074"/>
  <testcase classname="org.ecommerce.com.driverClass" name="login" time="0.913"/>
  <testcase classname="org.ecommerce.com.driverClass" name="clickOnFlightsLink" time="0.291"/>
  <testcase classname="org.ecommerce.com.driverClass" name="oneWayTrip" time="1.802"/>
  <testcase classname="org.ecommerce.com.driverClass" name="oneWayTrip" time="1.452"/>
  <testcase classname="org.ecommerce.com.driverClass" name="oneWayTrip" time="1.418"/>
  <testcase classname="org.ecommerce.com.driverClass" name="oneWayTrip" time="1.289"/>
  <testcase classname="org.ecommerce.com.driverClass" name="oneWayTrip" time="1.246"/>
  <testcase classname="org.ecommerce.com.driverClass" name="oneWayTrip" time="1.347"/>
  <testcase classname="org.ecommerce.com.driverClass" name="oneWayTrip" time="1.48"/>
</testsuite> <!-- Test -->
